<?xml version="1.0" encoding="UTF-8"?>
<!-- Generated by org.testng.reporters.JUnitReportReporter -->
<testsuite skipped="0" hostname="LAPTOP-TOF41RJG" name="com.hms.login.TestLogin" tests="3" failures="0" timestamp="04 Feb 2019 04:40:28 GMT" time="9.739" errors="0">
  <testcase name="testLogin" time="2.257" classname="com.hms.login.TestLogin"/>
  <testcase name="testLogin" time="4.996" classname="com.hms.login.TestLogin"/>
  <testcase name="testLoginNegative" time="2.486" classname="com.hms.login.TestLogin"/>
</testsuite> <!-- com.hms.login.TestLogin -->
