<?xml version="1.0" encoding="UTF-8"?>
<!-- Generated by org.testng.reporters.JUnitReportReporter -->
<testsuite skipped="0" hostname="LAPTOP-MDER6JIO" name="com.hms.registration.TestPermanenetRegistration" tests="1" failures="0" timestamp="14 Feb 2019 13:00:58 GMT" time="10.758" errors="0">
  <testcase name="testPermanentRegistration" time="10.758" classname="com.hms.registration.TestPermanenetRegistration"/>
</testsuite> <!-- com.hms.registration.TestPermanenetRegistration -->
