<?xml version="1.0" encoding="UTF-8"?>
<!-- Generated by org.testng.reporters.JUnitReportReporter -->
<testsuite skipped="0" hostname="LAPTOP-TOF41RJG" name="com.hms.login.TestLogin1" tests="1" failures="0" timestamp="28 Jan 2019 04:38:22 GMT" time="11.468" errors="0">
  <testcase name="testLogin" time="11.468" classname="com.hms.login.TestLogin1"/>
</testsuite> <!-- com.hms.login.TestLogin1 -->
