<?xml version="1.0" encoding="UTF-8"?>
<!-- Generated by org.testng.reporters.JUnitReportReporter -->
<testsuite skipped="0" hostname="LAPTOP-MDER6JIO" name="com.hms.registration.TestPermanenetRegistration" tests="1" failures="0" timestamp="11 Mar 2019 02:15:49 GMT" time="11.946" errors="0">
  <testcase name="testPermanentRegistration" time="11.946" classname="com.hms.registration.TestPermanenetRegistration"/>
</testsuite> <!-- com.hms.registration.TestPermanenetRegistration -->
