<?xml version="1.0" encoding="UTF-8"?>
<!-- Generated by org.testng.reporters.JUnitReportReporter -->
<testsuite skipped="0" hostname="LAPTOP-MDER6JIO" name="com.hms.registration.TestEmergencyRegistration" tests="1" failures="0" timestamp="11 Mar 2019 02:15:49 GMT" time="7.834" errors="0">
  <testcase name="testEmergencyRegistration" time="7.834" classname="com.hms.registration.TestEmergencyRegistration"/>
</testsuite> <!-- com.hms.registration.TestEmergencyRegistration -->
